(standard input):3582:12-26 00:33:22.208  1179  1309 V BackupManagerService: restoreAtInstall pkg=com.android.todolist token=7 restoreSet=0
(standard input):3906:12-26 00:33:48.678  1179  1198 I ActivityManager: START u0 {act=android.intent.action.MAIN cat=[android.intent.category.LAUNCHER] flg=0x10200000 cmp=com.android.todolist/.MainActivity (has extras)} from uid 2897 pid 1776 on display 0
(standard input):3912:12-26 00:33:48.731  1179  2033 I ActivityManager: Start proc 28056:com.android.todolist/u0a138 for activity com.android.todolist/.MainActivity
(standard input):3915:12-26 00:33:48.801  1179  1300 D HtcMirrorLinkAmsListener: onHandleTopAppChanged, sendBroadcast : com.android.todolist
(standard input):3917:12-26 00:33:48.816  1179  1248 D StatusBarManagerService: disable:userId=0 what=0x0 which=0x1 pkg=Window{a7d1956 u0 Starting com.android.todolist}
(standard input):3922:12-26 00:33:49.595  1179  1775 D InputMethodManagerService: Switching to client com.android.todolist(28056), IME=com.htc.sense.ime/.HTCIMEService
(standard input):4267:12-26 00:37:55.313  1179  1248 D StatusBarManagerService: disable:userId=0 what=0x0 which=0x1 pkg=Window{98dfd2e u0 com.android.todolist/com.android.todolist.MainActivity}
(standard input):4269:12-26 00:37:55.322  1179  1766 W InputMethodManagerService: Window already focused, ignoring focus gain of: com.android.internal.view.IInputMethodClient$Stub$Proxy@e0bd0aa attribute=EditorInfo { packageName=com.android.todolist, inputType=0x0, imeOptions=0x0, privateImeOptions=null }, token = android.os.BinderProxy@323c3a9, client pid=28056, inputType=0x0
(standard input):4276:12-26 00:37:56.912  1179  1248 D StatusBarManagerService: disable:userId=0 what=0x0 which=0x1 pkg=Window{36d2abd u0 com.android.todolist/com.android.todolist.MainActivity}
(standard input):4285:12-26 00:38:03.130  1179  1248 D StatusBarManagerService: disable:userId=0 what=0x0 which=0x1 pkg=Window{98dfd2e u0 com.android.todolist/com.android.todolist.MainActivity}
(standard input):4300:12-26 00:38:13.674  1179  1248 D StatusBarManagerService: disable:userId=0 what=0x0 which=0x1 pkg=Window{aee435e u0 com.android.todolist/com.android.todolist.MainActivity}
(standard input):4318:12-26 00:38:20.795  1179  1248 D StatusBarManagerService: disable:userId=0 what=0x0 which=0x1 pkg=Window{98dfd2e u0 com.android.todolist/com.android.todolist.MainActivity}
(standard input):4772:12-26 00:44:37.006  1179  1247 I ActivityManager: Force stopping com.android.todolist appid=10138 user=-1: uninstall pkg
(standard input):4773:12-26 00:44:37.006  1179  1247 I ActivityManager: Killing 28056:com.android.todolist/u0a138 (adj 7): stop com.android.todolist
(standard input):4775:12-26 00:44:37.026  1179  2035 I WindowState: WIN DEATH: Window{98dfd2e u0 com.android.todolist/com.android.todolist.MainActivity}
(standard input):4776:12-26 00:44:37.079  1179  1247 I ActivityManager:   Force finishing activity ActivityRecord{bd51200 u0 com.android.todolist/.MainActivity t282}
(standard input):4777:12-26 00:44:37.082  1179  2032 W ActivityManager: Spurious death for ProcessRecord{73e19bc 0:com.android.todolist/u0a138}, curProc for 28056: null
(standard input):4778:12-26 00:44:37.543  1179  1309 W PackageManager: Couldn't remove dex file for package:  at location /data/app/com.android.todolist-1/base.apk, retcode=-1
(standard input):4779:12-26 00:44:37.549  1179  1309 I ActivityManager: Force stopping com.android.todolist appid=10138 user=0: pkg removed
(standard input):4831:12-26 00:44:41.907  1179  1309 W PackageManager: Package named 'com.android.todolist' doesn't exist.
(standard input):6605:12-26 00:47:47.490 26217 26217 I Finsky  : [1] vnp.c(6): Install-time verification requested for package com.android.todolist, id = 7
(standard input):6615:12-26 00:47:49.399 26217 26217 I Finsky  : [1] VerifyInstallTask.mD(6): Verification complete: id=7, package_name=com.android.todolist
(standard input):6620:12-26 00:47:50.080  1179  1309 I PackageManager.DexOptimizer: Running dexopt (dex2oat) on: /data/app/vmdl1969801298.tmp/base.apk pkg=com.android.todolist isa=arm vmSafeMode=false debuggable=true oatDir = /data/app/vmdl1969801298.tmp/oat
(standard input):6630:12-26 00:47:53.469  1179  1309 V BackupManagerService: restoreAtInstall pkg=com.android.todolist token=8 restoreSet=0
(standard input):6638:12-26 00:47:53.665  1490  1490 D DotMatrix: [EventService] mPackageInfoReceiver.onReceive, packageName: com.android.todolist
(standard input):6658:12-26 00:47:53.793  1776  1776 I ContextualWidget: package com.android.todolist added
(standard input):6663:12-26 00:47:53.806  4590 29482 I [PluginManager]RegisterService: onHandleIntent, action: android.intent.action.PACKAGE_ADDED, data: package:com.android.todolist
(standard input):6694:12-26 00:47:53.867 29458 29458 D [MirrorLinkServer]MirrorLinkServer: New Application installed : com.android.todolist
(standard input):6699:12-26 00:47:53.878 29458 29458 I [MirrorLinkServer]c: com.android.todolist is not a MirrorLink-aware app.
(standard input):6774:12-26 00:47:54.519 29498 29557 I GooglePlusPackageService: onHandleIntent, action: android.intent.action.PACKAGE_ADDED, data: package:com.android.todolist
(standard input):6882:12-26 00:47:55.752 29613 29613 I DeviceManagement: PackageUpdateReceiver: vvv Package added: [com.android.todolist]
(standard input):6884:12-26 00:47:55.800 26217 26217 I Finsky  : [1] njy.n(-1): Invalidating cached PackageState for com.android.todolist
(standard input):6886:12-26 00:47:55.805 19995 29635 I FontLog : Package com.android.todolist has no metadata [CONTEXT service_id=132 ]
(standard input):6894:12-26 00:47:55.850  6454 29637 I BlockstoreStorage: Clearing Blockstore Data for package com.android.todolist [CONTEXT service_id=258 ]
(standard input):6897:12-26 00:47:55.864 26217 26276 I Finsky  : [11099] etc.a(5): AIM: AppInfoManager-Perf > OnDeviceAppInfo > cacheHitCount=0, cacheMissCount=1. Missed  in cache (limit 10) : [com.android.todolist]
(standard input):6902:12-26 00:47:55.929 26217 29653 I Finsky  : [11226] fay.accept(35): Asset module storage cleared for package com.android.todolist.
(standard input):6903:12-26 00:47:55.979 26217 26286 I Finsky  : [11107] etc.a(5): AIM: AppInfoManager-Perf > OnDeviceAppInfo > cacheHitCount=0, cacheMissCount=1. Missed  in cache (limit 10) : [com.android.todolist]
(standard input):9991:12-26 01:20:54.037  1179  2037 I ActivityManager: START u0 {act=android.intent.action.MAIN cat=[android.intent.category.LAUNCHER] flg=0x10200000 cmp=com.android.todolist/.MainActivity (has extras)} from uid 2897 pid 1776 on display 0
(standard input):10001:12-26 01:20:54.059  1776  1776 I ContextualWidget: click item=ApplicationInfo(id=84, title=To Do List, componentNameComponentInfo{com.android.todolist/com.android.todolist.MainActivity} appsContainer=<ALLAPPS> P=UserHandle{0})
(standard input):10012:12-26 01:20:54.099  1179  1766 I ActivityManager: Start proc 31010:com.android.todolist/u0a139 for activity com.android.todolist/.MainActivity
(standard input):10038:12-26 01:20:54.175  1179  1248 D StatusBarManagerService: disable:userId=0 what=0x0 which=0x1 pkg=Window{1b4edb u0 Starting com.android.todolist}
(standard input):10045:12-26 01:20:54.194 31010 31010 W System  : ClassLoader referenced unknown path: /data/app/com.android.todolist-1/lib/arm
(standard input):10067:12-26 01:20:54.961  1179  1298 I ActivityManager: Displayed com.android.todolist/.MainActivity: +875ms
(standard input):10069:12-26 01:20:54.961  1179  1455 D InputMethodManagerService: Switching to client com.android.todolist(31010), IME=com.htc.sense.ime/.HTCIMEService
(standard input):10284:12-26 01:21:18.313  1179  1248 D StatusBarManagerService: disable:userId=0 what=0x0 which=0x1 pkg=Window{87156bb u0 com.android.todolist/com.android.todolist.MainActivity}
(standard input):10290:12-26 01:21:18.407 31010 31010 I InputMethodManager: [startInputInner] EditorInfo { packageName=com.android.todolist, inputType=0x61, imeOptions=0x4006, privateImeOptions=null }, windowGainingFocus=android.view.ViewRootImpl$W@b90e6aa, mServedView=androidx.appcompat.widget.AppCompatEditText{4